<?xml version="1.0" encoding="UTF-8"?>
<testng-results ignored="0" total="1" passed="1" failed="0" skipped="0">
  <reporter-output>
  </reporter-output>
  <suite started-at="2023-12-27T18:25:30 EET" name="Default suite" finished-at="2023-12-27T18:26:09 EET" duration-ms="38690">
    <groups>
      <group name="cucumber">
        <method signature="AbstractTestNGCucumberTests.runScenario(io.cucumber.testng.PickleWrapper,io.cucumber.testng.FeatureWrapper)[pri:0, instance:Runner.TestRunner@795509d9]" name="runScenario" class="io.cucumber.testng.AbstractTestNGCucumberTests"/>
      </group> <!-- cucumber -->
    </groups>
    <test started-at="2023-12-27T18:25:30 EET" name="Default test" finished-at="2023-12-27T18:26:09 EET" duration-ms="38690">
      <class name="Runner.TestRunner">
        <test-method is-config="true" signature="StartDriver()[pri:0, instance:Runner.TestRunner@795509d9]" started-at="2023-12-27T18:25:30 EET" name="StartDriver" finished-at="2023-12-27T18:25:30 EET" duration-ms="13" status="PASS">
          <reporter-output>
          </reporter-output>
        </test-method> <!-- StartDriver -->
        <test-method is-config="true" signature="setUpClass(org.testng.ITestContext)[pri:0, instance:Runner.TestRunner@795509d9]" started-at="2023-12-27T18:25:30 EET" name="setUpClass" finished-at="2023-12-27T18:25:31 EET" duration-ms="552" status="PASS">
          <params>
            <param index="0">
              <value>
                <![CDATA[org.testng.TestRunner@4eea94a4]]>
              </value>
            </param>
          </params>
          <reporter-output>
          </reporter-output>
        </test-method> <!-- setUpClass -->
        <test-method is-config="true" signature="Navigation()[pri:0, instance:Runner.TestRunner@795509d9]" started-at="2023-12-27T18:25:31 EET" name="Navigation" finished-at="2023-12-27T18:25:38 EET" duration-ms="6711" status="PASS">
          <reporter-output>
          </reporter-output>
        </test-method> <!-- Navigation -->
        <test-method signature="runScenario(io.cucumber.testng.PickleWrapper,io.cucumber.testng.FeatureWrapper)[pri:0, instance:Runner.TestRunner@795509d9]" started-at="2023-12-27T18:25:38 EET" name="runScenario" description="Runs Cucumber Scenarios" data-provider="scenarios" finished-at="2023-12-27T18:26:09 EET" duration-ms="31241" status="PASS">
          <params>
            <param index="0">
              <value>
                <![CDATA["Uer Create a course"]]>
              </value>
            </param>
            <param index="1">
              <value>
                <![CDATA["User creates a course"]]>
              </value>
            </param>
          </params>
          <reporter-output>
          </reporter-output>
        </test-method> <!-- runScenario -->
        <test-method is-config="true" signature="tearDownClass()[pri:0, instance:Runner.TestRunner@795509d9]" started-at="2023-12-27T18:26:09 EET" name="tearDownClass" finished-at="2023-12-27T18:26:09 EET" duration-ms="103" status="PASS">
          <reporter-output>
          </reporter-output>
        </test-method> <!-- tearDownClass -->
        <test-method is-config="true" signature="stopDriver()[pri:0, instance:Runner.TestRunner@795509d9]" started-at="2023-12-27T18:26:09 EET" name="stopDriver" finished-at="2023-12-27T18:26:09 EET" duration-ms="1" status="PASS">
          <reporter-output>
          </reporter-output>
        </test-method> <!-- stopDriver -->
      </class> <!-- Runner.TestRunner -->
    </test> <!-- Default test -->
  </suite> <!-- Default suite -->
</testng-results>
